-------------------------------------------------------------------------------
Test set: com.google.Part1Test
-------------------------------------------------------------------------------
Tests run: 6, Failures: 1, Errors: 0, Skipped: 0, Time elapsed: 0.067 s <<< FAILURE! - in com.google.Part1Test
com.google.Part1Test.testPlayVideoDontStopPreviousIfNonExistent  Time elapsed: 0.006 s  <<< FAILURE!
org.opentest4j.AssertionFailedError: 
Playing video: Amazing Cats
Stopping video: Amazing Cats
Cannot play video: Video does not exist. Silly User.
 ==> expected: <2> but was: <3>
	at com.google.Part1Test.testPlayVideoDontStopPreviousIfNonExistent(Part1Test.java:76)

