-------------------------------------------------------------------------------
Test set: com.google.Part2Test
-------------------------------------------------------------------------------
Tests run: 10, Failures: 1, Errors: 0, Skipped: 0, Time elapsed: 0.113 s <<< FAILURE! - in com.google.Part2Test
com.google.Part2Test.testShowPlaylist  Time elapsed: 0.008 s  <<< FAILURE!
org.opentest4j.AssertionFailedError: 
Successfully created new playlist: my_playlist
Showing playlist: my_playlist
Added video to my_playlist: Amazing Cats
Showing playlist: my_PLAYlist
 ==> expected: <6> but was: <4>
	at com.google.Part2Test.testShowPlaylist(Part2Test.java:110)

